http://www.liaoxuefeng.com/wiki/

========初始化仓库========
git init
=========end==============

=========github=============
1.创建ssh key:  $ ssh-keygen -t rsa -C "youremail@example.com"

2.登陆GitHub，打开“settings”，“SSH and GPG Keys”页面：

3.关联远程仓:$ git remote add origin git@github.com:michaelliao/learngit.git
=========end===============

查看分支：git branch

创建分支：git branch <name>

切换分支：git checkout <name>

创建+切换分支：git checkout -b <name>

合并某分支到当前分支：git merge <name>

删除分支：git branch -d <name>



一、修改命令

git remote set-url origin url
二、先删后加

git remote rm origin
git remote add origin git@github.com:sheng/demo.git
三、修改config文件

如果你的项目有加入版本控制，那可以到项目根目录下，查看隐藏文件夹， 发现.git文件夹，找到其中的config文件，就可以修改其中的git remote origin地址了。

=====查看分支=======
git branch
======end========

=====删除分支=======
git branch -d zhizun
git branch -D zhizun (强制删除)
=======end==========

======查看远程分支========
git remote -v
=======end====== =====