允许远程登录mysql数据库:
连接mysql:    mysql -uroot -ppwd;
选择数据库:  use mysql;
update user set host='%' where user='root';

计算百分率并留两位小数
round(a/b,2)

格式化日期
FROM_UNIXTIME(sendTime,"%Y-%m-%d %H:%s:%i")

=================性能分析(dos)====================
set@@profiling=1;
example:select * from table;
show profiles;
show profile for query nu;

============导入sql的命令行如下================
source "路径名"+/mytest_emp_dept.sql

==========低并发库存不足解决================
//select 产生共享锁;update产生排他锁
beginTranse(开启事务)
try{
    $dbca->query('update s_store set amount = amount - 1 where amount>=1 and postID = 12345');
}catch($e Exception){
    rollBack(回滚)
}
commit(提交事务)
================end==========================

===============锁机制=======================
show status like 'table%';
    Table_locks_immediate：产生表级锁定的次数；
    Table_locks_waited：出现表级锁定争用而发生等待的次数；
//////////////////////////////////////////////
show status like 'innodb_row_lock%';
    Innodb_row_lock_current_waits：当前正在等待锁定的数量；
    Innodb_row_lock_time：从系统启动到现在锁定总时间长度；
    Innodb_row_lock_time_avg：每次等待所花平均时间；
    Innodb_row_lock_time_max：从系统启动到现在等待最常的一次所花的时间；
    Innodb_row_lock_waits：系统启动后到现在总共等待的次数；
