=========读取excel=================
import xlrd  #import  module

workbook = xlrd.open_workbook(filename)
sheet = workbook.sheet_by_index(0)
sheet.cell_value(rownu,colnu)
sheet.row(nu)

print "Get a slice of values in column 3, from rows 1-3:"
print sheet.col_values(3, start_rowx=1, end_rowx=4)
-------------sheet.cell().ctype-----------
ctype : 0 empty,1 string, 2 number, 3 date, 4 boolean, 5 error
-----------------end---------------------
 data_time = xlrd.xldate_as_tuple(sheet.cell(1,0),0)  #格式化日期


 ===============for====================
 for i, j in enumerate(sequence):


 =======xpath==========
 安装: pip install lxml
 from lxml import etree
//exp1
 info = etree.parse('a.xml')
 tree = info.getroot()
 tree2 = etree.tostring(info,pretty_print=True)
 book = tree.findall('book')
 for i in book:
     print i.find('title').text
//exp2
tree.find("./book[@category='WEB']")

======beautiful soup===========
pip install beautifulsoup4
pip install lxml
pip install html5lib

==========request==============
http://docs.python-requests.org/zh_CN/latest/user/quickstart.html